<?xml version="1.0" encoding="UTF-8"?>
<!-- Generated by org.testng.reporters.JUnitXMLReporter -->
<testsuite ignored="0" hostname="DELL-PC" failures="0" tests="5" name="Test" time="0.059" errors="0" timestamp="11 Oct 2019 01:45:48 GMT">
  <testcase classname="SuiteA.TC_001" name="Blue" time="0.012"/>
  <testcase classname="SuiteA.TC_001" name="green" time="0.001">
    <skipped/>
  </testcase> <!-- green -->
  <testcase classname="SuiteA.TC_001" name="mauve" time="0.0"/>
  <testcase classname="SuiteA.TC_001" name="purple" time="0.001"/>
  <testcase classname="SuiteA.NewTest" name="f" time="0.0"/>
</testsuite> <!-- Test -->
