<?xml version="1.0" encoding="UTF-8"?>
<!-- Generated by org.testng.reporters.JUnitXMLReporter -->
<testsuite ignored="0" hostname="DELL-PC" failures="1" tests="2" name="Test" time="0.067" errors="0" timestamp="2019-10-20T08:04:45 IST">
  <testcase classname="Listener.TC_001" name="login2222" time="0.012"/>
  <testcase classname="Listener.TC_001" name="login2222" time="0.04">
    <failure type="java.lang.NullPointerException">
      <![CDATA[java.lang.NullPointerException
at Listener.TestNGListener.onTestSuccess(TestNGListener.java:49)
at java.base/java.util.ArrayList.forEach(ArrayList.java:1540)
... Removed 24 stack frames]]>
    </failure>
  </testcase> <!-- login2222 -->
</testsuite> <!-- Test -->
